Build started 04-08-2017 00:02:16.
     1>Project "C:\Users\sai\Documents\Visual Studio 2013\Projects\Final_Filesystem\Final_Filesystem\Final_Filesystem.vcxproj" on node 2 (Build target(s)).
     1>ClCompile:
         C:\Program Files (x86)\Microsoft Visual Studio 12.0\VC\bin\CL.exe /c /ZI /nologo /W3 /WX- /sdl /Od /Oy- /D _MBCS /Gm /EHsc /RTC1 /MDd /GS /fp:precise /Zc:wchar_t /Zc:forScope /Fo"Debug\\" /Fd"Debug\vc120.pdb" /Gd /TP /analyze- /errorReport:prompt Source.cpp
         Source.cpp
     1>c:\users\sai\documents\visual studio 2013\projects\final_filesystem\final_filesystem\source.cpp(240): warning C4244: 'argument' : conversion from '__int64' to 'int', possible loss of data
     1>c:\users\sai\documents\visual studio 2013\projects\final_filesystem\final_filesystem\source.cpp(285): warning C4244: 'initializing' : conversion from '__int64' to 'int', possible loss of data
     1>c:\users\sai\documents\visual studio 2013\projects\final_filesystem\final_filesystem\source.cpp(292): warning C4244: 'argument' : conversion from '__int64' to 'int', possible loss of data
     1>c:\users\sai\documents\visual studio 2013\projects\final_filesystem\final_filesystem\source.cpp(302): warning C4244: 'argument' : conversion from '__int64' to 'int', possible loss of data
     1>c:\users\sai\documents\visual studio 2013\projects\final_filesystem\final_filesystem\source.cpp(280): warning C4101: 'message_data' : unreferenced local variable
     1>c:\users\sai\documents\visual studio 2013\projects\final_filesystem\final_filesystem\source.cpp(341): warning C4244: 'initializing' : conversion from '__int64' to 'int', possible loss of data
     1>c:\users\sai\documents\visual studio 2013\projects\final_filesystem\final_filesystem\source.cpp(320): warning C4101: 'message_data' : unreferenced local variable
     1>c:\users\sai\documents\visual studio 2013\projects\final_filesystem\final_filesystem\source.cpp(392): warning C4244: 'argument' : conversion from '__int64' to 'long', possible loss of data
     1>c:\users\sai\documents\visual studio 2013\projects\final_filesystem\final_filesystem\source.cpp(394): warning C4244: 'initializing' : conversion from '__int64' to 'int', possible loss of data
     1>c:\users\sai\documents\visual studio 2013\projects\final_filesystem\final_filesystem\source.cpp(398): warning C4244: 'argument' : conversion from '__int64' to 'int', possible loss of data
     1>c:\users\sai\documents\visual studio 2013\projects\final_filesystem\final_filesystem\source.cpp(389): warning C4101: 'filename' : unreferenced local variable
     1>c:\users\sai\documents\visual studio 2013\projects\final_filesystem\final_filesystem\source.cpp(429): warning C4244: 'argument' : conversion from '__int64' to 'long', possible loss of data
     1>c:\users\sai\documents\visual studio 2013\projects\final_filesystem\final_filesystem\source.cpp(430): warning C4244: 'initializing' : conversion from '__int64' to 'int', possible loss of data
     1>c:\users\sai\documents\visual studio 2013\projects\final_filesystem\final_filesystem\source.cpp(440): warning C4244: 'initializing' : conversion from '__int64' to 'int', possible loss of data
     1>c:\users\sai\documents\visual studio 2013\projects\final_filesystem\final_filesystem\source.cpp(441): warning C4244: 'initializing' : conversion from '__int64' to 'int', possible loss of data
     1>c:\users\sai\documents\visual studio 2013\projects\final_filesystem\final_filesystem\source.cpp(443): warning C4244: 'initializing' : conversion from '__int64' to 'int', possible loss of data
     1>c:\users\sai\documents\visual studio 2013\projects\final_filesystem\final_filesystem\source.cpp(421): warning C4101: 'username' : unreferenced local variable
     1>c:\users\sai\documents\visual studio 2013\projects\final_filesystem\final_filesystem\source.cpp(421): warning C4101: 'message_data' : unreferenced local variable
     1>c:\users\sai\documents\visual studio 2013\projects\final_filesystem\final_filesystem\source.cpp(463): warning C4101: 'byte' : unreferenced local variable
     1>c:\users\sai\documents\visual studio 2013\projects\final_filesystem\final_filesystem\source.cpp(496): warning C4244: '=' : conversion from '__int64' to 'int', possible loss of data
     1>c:\users\sai\documents\visual studio 2013\projects\final_filesystem\final_filesystem\source.cpp(533): warning C4244: 'initializing' : conversion from '__int64' to 'int', possible loss of data
     1>c:\users\sai\documents\visual studio 2013\projects\final_filesystem\final_filesystem\source.cpp(539): warning C4244: 'argument' : conversion from '__int64' to 'int', possible loss of data
     1>c:\users\sai\documents\visual studio 2013\projects\final_filesystem\final_filesystem\source.cpp(546): warning C4244: 'initializing' : conversion from '__int64' to 'int', possible loss of data
     1>c:\users\sai\documents\visual studio 2013\projects\final_filesystem\final_filesystem\source.cpp(581): warning C4244: 'initializing' : conversion from '__int64' to 'int', possible loss of data
     1>c:\users\sai\documents\visual studio 2013\projects\final_filesystem\final_filesystem\source.cpp(586): warning C4244: 'argument' : conversion from '__int64' to 'int', possible loss of data
     1>c:\users\sai\documents\visual studio 2013\projects\final_filesystem\final_filesystem\source.cpp(595): warning C4244: 'argument' : conversion from '__int64' to 'int', possible loss of data
     1>c:\users\sai\documents\visual studio 2013\projects\final_filesystem\final_filesystem\source.cpp(684): warning C4244: 'argument' : conversion from '__int64' to 'int', possible loss of data
     1>c:\users\sai\documents\visual studio 2013\projects\final_filesystem\final_filesystem\source.cpp(685): warning C4244: 'initializing' : conversion from '__int64' to 'int', possible loss of data
     1>c:\users\sai\documents\visual studio 2013\projects\final_filesystem\final_filesystem\source.cpp(727): warning C4101: 'i' : unreferenced local variable
     1>c:\users\sai\documents\visual studio 2013\projects\final_filesystem\final_filesystem\source.cpp(728): warning C4101: 'filename' : unreferenced local variable
     1>c:\users\sai\documents\visual studio 2013\projects\final_filesystem\final_filesystem\source.cpp(728): warning C4101: 'username' : unreferenced local variable
     1>c:\users\sai\documents\visual studio 2013\projects\final_filesystem\final_filesystem\source.cpp(727): warning C4101: 'choice' : unreferenced local variable
     1>c:\users\sai\documents\visual studio 2013\projects\final_filesystem\final_filesystem\source.cpp(222): warning C4715: 'getblock' : not all control paths return a value
     1>c:\users\sai\documents\visual studio 2013\projects\final_filesystem\final_filesystem\source.cpp(277): warning C4715: 'bit_occupied' : not all control paths return a value
       Link:
         C:\Program Files (x86)\Microsoft Visual Studio 12.0\VC\bin\link.exe /ERRORREPORT:PROMPT /OUT:"C:\Users\sai\Documents\Visual Studio 2013\Projects\Final_Filesystem\Debug\Final_Filesystem.exe" /INCREMENTAL /NOLOGO kernel32.lib user32.lib gdi32.lib winspool.lib comdlg32.lib advapi32.lib shell32.lib ole32.lib oleaut32.lib uuid.lib odbc32.lib odbccp32.lib /MANIFEST /MANIFESTUAC:"level='asInvoker' uiAccess='false'" /manifest:embed /DEBUG /PDB:"C:\Users\sai\Documents\Visual Studio 2013\Projects\Final_Filesystem\Debug\Final_Filesystem.pdb" /TLBID:1 /DYNAMICBASE /NXCOMPAT /IMPLIB:"C:\Users\sai\Documents\Visual Studio 2013\Projects\Final_Filesystem\Debug\Final_Filesystem.lib" /MACHINE:X86 Debug\Source.obj
         Final_Filesystem.vcxproj -> C:\Users\sai\Documents\Visual Studio 2013\Projects\Final_Filesystem\Debug\Final_Filesystem.exe
     1>Done Building Project "C:\Users\sai\Documents\Visual Studio 2013\Projects\Final_Filesystem\Final_Filesystem\Final_Filesystem.vcxproj" (Build target(s)).

Build succeeded.

Time Elapsed 00:00:08.37
